./domain-vn-CC-MAIN-2020-16-015_0009.txt:24114:15:46 29/11/2019Đến nay trên địa bàn thành phố có 26 doanh nghiệp được Ngân hàng Nhà nước Chi nhánh cấp Giấy phép đủ điều kiện sản xuất vàng trang sức, mỹ nghệ; 69 điểm mua bán vàng miếng của 14 Chi nhánh tổ chức tín dụng và 5 Chi nhánh doanh nghiệp được Ngân hàng Nhà nước Việt Nam cấp Giấy phép.
./domain-vn-CC-MAIN-2020-16-015_0009.txt:32457:15:57 24/05/2019Đến với Đoàn Ca múa Hải Phòng trong buổi trưa hè, dù đã đến cuối giờ, thời tiết lại nắng nóng, nhưng các nghệ sĩ, ca sĩ của đoàn vẫn đang rất hăng say tập luyện để chuẩn bị biểu diễn một chương trình nghệ thuật đặc biệt trong Liên hoan Âm nhạc ASEAN 2019 được tổ chức tại Hải Phòng trong những ngày sắp tới. “Chuyện kể bên dòng sông huyền thoại” chính là một câu chuyện bằng âm nhạc vô cùng độc đáo mà Đoàn Ca múa sẽ “kể” khi tham gia Liên hoan năm nay.
./domain-vn-CC-MAIN-2020-16-015_0010.txt:3550:17:41 25/12/2019Đến giờ, khi nhắc lại vụ cướp táo tợn cách đây cả chục năm, chị Đoàn Thị Toàn, ở đường Trại Lẻ, phường Kênh Dương, quận Lê Chân, vẫn thấy bất ngờ trước sự manh động, liều lĩnh của nhóm cướp giật. Đó là vào 12h ngày 4-9-2007, khi ấy chị Toàn đang ở nhà một mình thì bất ngờ có 2 đối tượng (1 nam, 1 nữ) từ đâu xông tới dí dao vào cổ, ép chị đưa chìa khóa chiếc xe máy đang dựng ngoài cửa. Bị tấn công bất ngờ, lại có một mình, mặc dù tiếc của nhưng chị Toàn vẫn phải đưa chìa khóa chiếc xe Wave BKS: 34F5 8405 cho chúng.
./domain-vn-CC-MAIN-2020-16-018_0011.txt:8059:Đối với các quán cafe, quán ăn thì việc trang bị 1 bộ máy chiếu, màn chiếu tốt với hình ảnh sắc nét, sống động sẽ lôi cuốn dược nhiều khách hàng tới quán trong mua Seagame 30 - 2019Đến AOA.VN Bạn mua...
./domain-vn-CC-MAIN-2020-16-032_0000.txt:4569:8. Thời gian, địa điểm bán hồ sơ tham gia đấu giá và tiếp nhận hồ sơ đăng ký tham gia đấu giá: Từ ngày 23/8/2019đến 15 giờ ngày 05/9/2019 tại Phòng Tài chính – Kế hoạch, huyện Tân Hồng, tỉnh Đồng Tháp.
./domain-vn-CC-MAIN-2020-16-109_0005.txt:32487:Việt Nam sẽ nhận 16,7 tỷ USD kiều hối trong năm 2019Đến hẹn lại lên, cuối năm luôn là thời điểm vàng của thị trường bất động sản do nhu cầu mua nhà đất tăng cao và lượng tiền kiều hối chuyển về lớn. Mùa kiều hối cuối năm từ lâu vẫn được kỳ vọng là "món quà" đối với giới đầu tư địa ốc.
./domain-vn-CC-MAIN-2020-16-128_0029.txt:11041:Hành trình khám phá Thụy Điển, bạn nhất định không nên bỏ qua tỉnh Skane. Được mệnh danh là thiên đường du lịch mà bất cứ ai cũng yêu thích, Skane thu hút bạn bởi thảm thực vật phong phú, tươi tốt, tràn ngập sắc màu. Du lịch Thụy Điển mùa Thu 2019đến Skane sẽ đưa bạn lạc vào những cánh đồng màu mỡ, khu rừng rậm xanh mướt nằm sát cạnh bờ cát trắng hướng ra biển, rất khác biệt và cuốn hút.
./domain-vn-CC-MAIN-2020-16-147_0005.txt:12582:Rộn ràng Chiến dịch Mùa hè xanh tỉnh Bình Dương năm 2019Đến hẹn lại lên khi cái nắng mùa hè chói chang trên từng sắc lá, khi những kỳ thi căng thẳng tạm gác qua một bên cũng chính là lúc học sinh, sinh viên sẽ tạm biệt ghế nhà trường, khoác lên mình màu áo xanh tình nguyện, hăm hở đến vùng đất mới để cống hiến sức trẻ, góp m...
./domain-vn-CC-MAIN-2020-16-222_0000.txt:718:Hà Nội, ngày 18/12/2019– Công ty Ô tô Toyota Việt Nam (TMV) chính thức thông báo thực hiện Chương trình triệu hồi để thay thế kẹp vàống nhiên liệu trên xe Toyota Hilux (sau đây gọi là Chương trình) được sản xuất trong khoảng thời gian từ ngày 10/04/2019đến 03/05/2019. Chương trình sẽ được Toyota Việt Nam thực hiện tại tất cả các Đại lý của Toyota trên toàn quốc. Theo thông tin do Tập đoàn Toyota Nhật Bản (TMC) cung cấp, danh sách và số lượng xe ToyotaHilux tại Việt Nam bị ảnh hưởng cụ thể như sau:
./domain-vn-CC-MAIN-2020-16-222_0000.txt:7775:Hà Nội, ngày 18/12/2019– Công ty Ô tô Toyota Việt Nam (TMV) chính thức thông báo thực hiện Chương trình triệu hồi để thay thế kẹp vàống nhiên liệu trên xe Toyota Hilux (sau đây gọi là Chương trình) được sản xuất trong khoảng thời gian từ ngày 10/04/2019đến 03/05/2019. Chương trình sẽ được Toyota Việt Nam thực hiện tại tất cả các Đại lý của Toyota trên toàn quốc. Theo thông tin do Tập đoàn Toyota Nhật Bản (TMC) cung cấp, danh sách và số lượng xe ToyotaHilux tại Việt Nam bị ảnh hưởng cụ thể như sau:
./domain-vn-CC-MAIN-2020-16-222_0011.txt:11149:Một điểm cộng khác của Toyota Fortuner 2019đến từ hệ thống đèn chiếu sáng của chiếc xe. Theo đó, mẫu xe SUV Toyota 7 chỗ này có đèn pha trước và đèn định vị ban ngày dạng LED, được tích hợp chức năng tự động bật/tắt cùng chế độ đèn chờ dẫn đường cực kỳ tiện lợi.
./domain-vn-CC-MAIN-2020-16-255_0013.txt:2441:Trong 03 tháng từ 23/04/2019đến 25/07/2019, PTB đã mang lại tỷ suất sinh lời là 13.7%. Mức giá mục tiêu trong năm nay là 77.000 đồng/ cổ phiếu và lợi nhuận thu về trong thời gian ngắn đã đạt mức kỳ vọng của các Nhà Đầu tư.
./domain-vn-CC-MAIN-2020-16-255_0014.txt:7804:Trong 03 tháng từ 23/04/2019đến 25/07/2019, PTB đã mang lại tỷ suất sinh lời là 13.7%. Mức giá mục tiêu trong năm nay là 77.000 đồng/ cổ phiếu và lợi nhuận thu về trong thời gian ngắn đã đạt mức kỳ vọng của các Nhà Đầu tư.
./domain-vn-CC-MAIN-2020-16-308_0021.txt:1077:Ghi danh dự tuyển từ ngày 07/11/2019đến ngày 14/02/2019.
./domain-vn-CC-MAIN-2020-16-308_0021.txt:1117:5. Thời gian học:(từ22/02/2019đến 22/08/2020)
./domain-vn-CC-MAIN-2020-16-314_0002.txt:8297:- Thời gian đăng ký ôn thi: Từ ngày ra thông báo- Thời gian ôn thi: Từ ngày05/10/2019đến ngày17/11/2019.
./domain-vn-CC-MAIN-2020-16-320_0005.txt:11896:- Ngày 15/6/2019đến 17/6/2019: Trường vận hành thử nghiệm hệ thống đăng ký tuyển sinh trực tuyến.
./domain-vn-CC-MAIN-2020-16-328_0004.txt:11031:2. Thời gian: Thời gian tiếp nhận hồ sơ dự tuyển: Từ ngày 25/5/2019đến trước 17h00’ ngày 29/5/2019 trong giờ hành chính tất cả các ngày trong tuần (cả thứ bẩy và chủ nhật).IV. QUYỀN LỢI HỌC SINH
./domain-vn-CC-MAIN-2020-16-331_0004.txt:44584:Tặng ngay Học bổng 1.000.000 VNĐ cho các học viên đăng ký khóa học tiếng Anh với 100% giáo viên nước ngoài tại SUNSHINE VIETNAM kể từ ngày 01/08/2019đến hết ngày 15/08/2019.
./domain-vn-CC-MAIN-2020-16-331_0004.txt:44588:Tặng ngay Học bổng 800.000 VNĐ cho các học viên đăng ký khóa học tiếng Anh với 100% giáo viên nước ngoài tại SUNSHINE VIETNAM kể từ ngày 16/08/2019đến hết ngày 31/8/2019.
./domain-vn-CC-MAIN-2020-16-334_0000.txt:1547:Tuần từ 29/4/2019đến 05/5/2018
./domain-vn-CC-MAIN-2020-16-342_0008.txt:550:Mời thí sinh đến Trường làm thủ tục nhập học từ ngày 29/10/2019đến hết ngày 22/11/2019 tại Trung tâm Tư vấn tuyển sinh, Quan hệ doanh nghiệp và Dịch vụ kỹ thuậtTrường Cao đẳng Tiền Giang, địa chỉ: 11B/17 đường Học Lạc, Phường 8, Thành phố Mỹ Tho, tỉnh Tiền Giang, điện thoại liên lạc: 02733.958.684.
./domain-vn-CC-MAIN-2020-16-343_0007.txt:1740:4. Thời gian và địa điểm tuyển thẳng:Từ ngày 01/08/2019đến hết16/08/2019 tại Phòng 509 - Tầng 5 - Tòa nhà hiệu
./domain-vn-CC-MAIN-2020-16-343_0007.txt:8754:Học viên có nguyện vọng học học phần Tiếng Anh cơ bản đăng ký qua Ban cán sự lớp. Ban cán sự lớp gửi danh sách các học viên đăng ký tham gia học học phần Tiếng Anh cơ bản (bản mềm và bản cứng có chữ ký của từng học viên) cho Phòng Đào tạo từ ngày 12/02/2019đến ngày12/03/2019.
./domain-vn-CC-MAIN-2020-16-343_0007.txt:17865:1. Thời gian tổ chức: Từ ngày 30/04/2019đến ngày 27/10/2019
./domain-vn-CC-MAIN-2020-16-350_0007.txt:2652:+ Bước 1: Xác nhận nhập học trực tuyến tại địa chỉ: tuyensinh.vnu.edu.vn (trong khoảng thời gian từ 08h00 ngày 09/08/2019đến trước 17h00 ngày 15/08/2019);
./domain-vn-CC-MAIN-2020-16-350_0007.txt:3684:+ Bước 1: Xác nhận nhập học trực tuyến tại địa chỉ: tuyensinh.vnu.edu.vn (trong khoảng thời gian từ 08h00 ngày 09/08/2019đến trước 17h00 ngày 15/08/2019);
./domain-vn-CC-MAIN-2020-16-386_0005.txt:16001:- Thời gian xem tài sản đấu giá: 07 giờ ngày 27/12/2019đến 17 giờ ngày 03/02/2020(trong giờ làm việc); địa điểm: tại nơi có tài sản tọa lạc thuộc xã Hòa Lợi, huyện Thạnh Phú, tỉnh Bến Tre.
./domain-vn-CC-MAIN-2020-16-386_0005.txt:16005:- Thời gian tham khảo, bán hồ sơ và đăng ký tham gia đấu giá từ: 07 giờ ngày 27/12/2019đến 17 giờ ngày 03/02/2020 (trong giờ làm việc);
./domain-vn-CC-MAIN-2020-16-386_0005.txt:16429:- Thời gian tham khảo hồ sơ, bán hồ sơ và tiếp nhận hồ sơ đăng ký tham gia đấu giá từ: 07 giờ ngày 23/12/2019đến 17 giờ ngày 03/02/2020 (trong giờ làm việc).
./domain-vn-CC-MAIN-2020-16-386_0005.txt:29298:- Thời gian xem tài sản đấu giá: 07 giờ ngày 27/12/2019đến 17 giờ ngày 03/02/2020(trong giờ làm việc); địa điểm: tại nơi có tài sản tọa lạc thuộc xã Hòa Lợi, huyện Thạnh Phú, tỉnh Bến Tre.
./domain-vn-CC-MAIN-2020-16-386_0005.txt:29302:- Thời gian tham khảo, bán hồ sơ và đăng ký tham gia đấu giá từ: 07 giờ ngày 27/12/2019đến 17 giờ ngày 03/02/2020 (trong giờ làm việc);
./domain-vn-CC-MAIN-2020-16-386_0005.txt:29726:- Thời gian tham khảo hồ sơ, bán hồ sơ và tiếp nhận hồ sơ đăng ký tham gia đấu giá từ: 07 giờ ngày 23/12/2019đến 17 giờ ngày 03/02/2020 (trong giờ làm việc).
./domain-vn-CC-MAIN-2020-16-386_0005.txt:32720:- Thời gian xem tài sản đấu giá: 07 giờ ngày 27/12/2019đến 17 giờ ngày 03/02/2020(trong giờ làm việc); địa điểm: tại nơi có tài sản tọa lạc thuộc xã Hòa Lợi, huyện Thạnh Phú, tỉnh Bến Tre.
./domain-vn-CC-MAIN-2020-16-386_0005.txt:32724:- Thời gian tham khảo, bán hồ sơ và đăng ký tham gia đấu giá từ: 07 giờ ngày 27/12/2019đến 17 giờ ngày 03/02/2020 (trong giờ làm việc);
./domain-vn-CC-MAIN-2020-16-386_0005.txt:33148:- Thời gian tham khảo hồ sơ, bán hồ sơ và tiếp nhận hồ sơ đăng ký tham gia đấu giá từ: 07 giờ ngày 23/12/2019đến 17 giờ ngày 03/02/2020 (trong giờ làm việc).
./domain-vn-CC-MAIN-2020-16-386_0005.txt:37677:- Thời gian tham khảo hồ sơ, bán hồ sơ và tiếp nhận hồ sơ đăng ký tham gia đấu giá từ: 07 giờ ngày 23/12/2019đến 17 giờ ngày 03/02/2020 (trong giờ làm việc).
./domain-vn-CC-MAIN-2020-16-386_0005.txt:38147:- Thời gian xem tài sản đấu giá: 07 giờ ngày 27/12/2019đến 17 giờ ngày 03/02/2020(trong giờ làm việc); địa điểm: tại nơi có tài sản tọa lạc thuộc xã Hòa Lợi, huyện Thạnh Phú, tỉnh Bến Tre.
./domain-vn-CC-MAIN-2020-16-386_0005.txt:38151:- Thời gian tham khảo, bán hồ sơ và đăng ký tham gia đấu giá từ: 07 giờ ngày 27/12/2019đến 17 giờ ngày 03/02/2020 (trong giờ làm việc);
./domain-vn-CC-MAIN-2020-16-387_0004.txt:3573:Thời gian: Kỳ họp tổ chức trong 03 ngày (từ ngày 11/12/2019đến hết13/12/2019), khai mạc vào lúc 7giờ 30 ngày 11/12/2019.Địa điểm: Tại Hội trường Khách sạn Thanh Bình (06 Lý Thường Kiệt - TP. Quy Nhơn).
./domain-vn-CC-MAIN-2020-16-388_0003.txt:35401:Phật giáo Tiền Giang dành trên 64,5 tỷ đồng cho hoạt động từ thiện xã hội năm 2019Đến dự và chủ trì Hội nghị, về phía Giáo hội có Hòa thượng (HT) Thích Huệ Minh, Ủy viên Hội đồng Trị sự, Giáo hội Phật giáo Việt Nam (GHPGVN), Trưởng ban Ban Trị sự GHPGVN tỉnh Tiền Giang các HT trong Ban chứng minh GHPGVN tỉnh, đại diện lãnh đạo Ban Trị sự
./domain-vn-CC-MAIN-2020-16-401_0011.txt:10467:Câu hỏi 5: Từtháng 5-2019đến nay tôi đang làm việc tại công ty và công ty đãkhấu trừ thuế TNCN hàng tháng. Tuy nhiên đến tháng 2-2019 công ty gửi danh sách những người đã làm tròn 1 năm thì viết giấy ủy quyền để công ty thực hiện quyết toán thuế thay. Tôi là đối tượng chưa làm đủ 1 năm, vậy số tiền thuế TNCN mà công ty đã khấu trừ của tôi rồi vậy tôi có phải nộp quyết toán thuế TNCN?
./domain-vn-CC-MAIN-2020-16-405_0017.txt:22436:Từ ngày 28 tháng 11 năm 2019đến ngày 08 tháng 12 năm 2019, Đoàn thanh tra đã tiến hành thanh tra, kiểm tra các tổ chức, cá nhân có hoạt động liên quan đến nguồn phóng xạ, nguồn bức xạ, thiết bị bức xạ X-quang y tế tiềm ẩn nguy cơ cao xảy ra mất ATBX, an ninh NPX, thiết bị bức xạ. Cụ thể: Các cơ sở hoạt động sản xuất, kinh doanh, dịch vụ, nghiên cứu, đào tạo có sử dụng NPX, thiết bị bức xạ, thiết bị X-quang y tế. Ưu tiên thanh tra cơ sở xuất, nhập khẩu NPX, thiết bị bức xạ, cơ sở sử dụng NPX, thiết bị bức xạ trong chụp ảnh phóng xạ công nghiệp di động, các cơ sở đo độ chặt, độ ẩm di động, các cơ sở sử dụng nguồn phóng xạ trong hệ các thiết bị đo, điều khiển tự động quá trình sản xuất; các cơ sở lưu giữ NPX, thiết bị bức xạ, các xử lý chất phóng xạ, các cơ sở có sử dụng thiết bị X-quang y tế. Kết quả đã tiến hành thanh tra được 06 cơ sở có sử dụng NPX, thiết bị bức xạ trong sản xuất công nghiệp và 09 cơ sở có sử dụng thiết bị X-quang y tế trên địa bàn tỉnh Kiên Giang./.
./domain-vn-CC-MAIN-2020-16-405_0018.txt:9936:+Từ ngày 03/12/2019đến 08/12/2019: Tổ chức xét tuyển vòng 1.
./domain-vn-CC-MAIN-2020-16-405_0018.txt:9940:+ Từ ngày 16/12/2019đến 17/12/2019: Tổ chức xét tuyển vòng 2.
./domain-vn-CC-MAIN-2020-16-407_0009.txt:31413:Thời gian nộp hồ sơ: Các ngày làm việc từ ngày 07/5/2019đến trước 09 giờ ngày 15/5/2019(trong giờ hành chính: sáng từ 07 giờ 00 phút đến 11 giờ 30 phút, chiều từ 13 giờ 30 phút đến 17 giờ 00 phút). Sở Nông nghiệp và Phát triển nông thôn sẽ không nhậnhồ sơ nộp sau thời gian quy định trên.
./domain-vn-CC-MAIN-2020-16-407_0009.txt:32254:Thời gian nộp hồ sơ: Các ngày làm việc từ ngày 07/5/2019đến trước 09 giờ ngày 15/5/2019(trong giờ hành chính: sáng từ 07 giờ 00 phút đến 11 giờ 30 phút, chiều từ 13 giờ 30 phút đến 17 giờ 00 phút). Sở Nông nghiệp và Phát triển nông thôn sẽ không nhậnhồ sơ nộp sau thời gian quy định trên.
./domain-vn-CC-MAIN-2020-16-411_0007.txt:19903:(Số liệu tính từ ngày 15tháng9năm 2019đến ngày 14tháng10năm 2019)
./domain-vn-CC-MAIN-2020-16-584_0010.txt:20032:- Thời hạn nhận hồ sơ: Từ ngày 10/5/2019đến hết ngày 10/6/2019(tính theo dấu bưu điện).
./domain-vn-CC-MAIN-2020-16-674_0002.txt:175434:Bị cáo ra đầu thú, tạm giữ từ ngày 15/01/2019đến ngày 24/01/2019 chuyển tạm giam. Ngày 29/01/2019 thay thế bằng biện pháp ngăn chặn “Cấm đi khỏi nơi cư trú”; “có mặt”.
./domain-vn-CC-MAIN-2020-16-696_0003.txt:18629:Hành trình khám phá Thụy Điển, bạn nhất định không nên bỏ qua tỉnh Skane. Được mệnh danh là thiên đường du lịch mà bất cứ ai cũng yêu thích, Skane thu hút bạn bởi thảm thực vật phong phú, tươi tốt, tràn ngập sắc màu. Du lịch Thụy Điển mùa Thu 2019đến Skane sẽ đưa bạn lạc vào những cánh đồng màu mỡ, khu rừng rậm xanh mướt nằm sát cạnh bờ cát trắng hướng ra biển, rất khác biệt và cuốn hút.
./domain-vn-CC-MAIN-2020-16-701_0003.txt:7711:2. Thời gian học:Từ ngày 04/6/2019đến ngày 20/7/2019
./domain-vn-CC-MAIN-2020-16-723_0011.txt:14299:Tôi tên Trần Thị Tám, tôi được hưởng trợ cấp thất nghiệp trong 06 tháng, thời gian hưởng từ ngày 15/7/2019đến ngày 14/01/2020 và tôi đã nhận tiền trợ cấp thất nghiệp tháng thứ 1 qua tài khoản cá nhân. Ngày 16/8/2019 tôi đến Trung tâm thông báo về việc tìm kiếm việc làm tháng thứ 2 theo đúng quy định. Vậy Trung tâm cho tôi hỏi tháng thứ 2 này tôi cũng sẽ được nhận tiền trợ cấp thất nghiệp trong thời hạn 05 ngày làm việc kể từ ngày đến Trung tâm thông báo tìm việc đúng không ạ?
./domain-vn-CC-MAIN-2020-16-751_0006.txt:12499:Ngày mở đầu năm dương lịch1/1/2019đến với hành tinh chúng ta và được hân hoan chào đón khắp nơi nơi tuy không khỏi nhữnglo âu và cả những thảng thốt thoáng qua như lời bài hát nổi tiếng ‘Happy New Year’ mà ban nhạc ABBA đã gửi đến từ 40 năm trước (mời xem trong mục ‘Chuyện song ngữ’ của www.vncold.vn) .
